mode: set
alta-airbnb-be/features/users/service/user.go:19.90,20.23 1 0
alta-airbnb-be/features/users/service/user.go:20.23,22.3 1 0
alta-airbnb-be/features/users/service/user.go:25.2,26.22 2 0
alta-airbnb-be/features/users/service/user.go:26.22,28.3 1 0
alta-airbnb-be/features/users/service/user.go:30.2,32.22 3 0
alta-airbnb-be/features/users/service/user.go:32.22,34.3 1 0
alta-airbnb-be/features/users/service/user.go:36.2,36.12 1 0
alta-airbnb-be/features/users/service/user.go:40.70,42.24 2 1
alta-airbnb-be/features/users/service/user.go:42.24,44.3 1 1
alta-airbnb-be/features/users/service/user.go:46.2,47.20 2 1
alta-airbnb-be/features/users/service/user.go:47.20,49.3 1 0
alta-airbnb-be/features/users/service/user.go:51.2,55.22 4 1
alta-airbnb-be/features/users/service/user.go:55.22,57.3 1 1
alta-airbnb-be/features/users/service/user.go:59.2,59.12 1 1
alta-airbnb-be/features/users/service/user.go:63.80,65.22 2 1
alta-airbnb-be/features/users/service/user.go:65.22,67.3 1 1
alta-airbnb-be/features/users/service/user.go:68.2,68.24 1 1
alta-airbnb-be/features/users/service/user.go:72.104,73.35 1 1
alta-airbnb-be/features/users/service/user.go:73.35,75.3 1 0
alta-airbnb-be/features/users/service/user.go:77.2,78.21 2 1
alta-airbnb-be/features/users/service/user.go:78.21,80.3 1 1
alta-airbnb-be/features/users/service/user.go:82.2,82.65 1 1
alta-airbnb-be/features/users/service/user.go:82.65,84.3 1 0
alta-airbnb-be/features/users/service/user.go:86.2,87.21 2 1
alta-airbnb-be/features/users/service/user.go:87.21,89.3 1 0
alta-airbnb-be/features/users/service/user.go:91.2,91.31 1 1
alta-airbnb-be/features/users/service/user.go:95.87,97.24 2 0
alta-airbnb-be/features/users/service/user.go:97.24,99.3 1 0
alta-airbnb-be/features/users/service/user.go:101.2,102.22 2 0
alta-airbnb-be/features/users/service/user.go:102.22,104.3 1 0
alta-airbnb-be/features/users/service/user.go:106.2,106.12 1 0
alta-airbnb-be/features/users/service/user.go:110.91,111.53 1 0
alta-airbnb-be/features/users/service/user.go:111.53,113.3 1 0
alta-airbnb-be/features/users/service/user.go:115.2,116.22 2 0
alta-airbnb-be/features/users/service/user.go:116.22,118.3 1 0
alta-airbnb-be/features/users/service/user.go:120.2,120.71 1 0
alta-airbnb-be/features/users/service/user.go:120.71,122.3 1 0
alta-airbnb-be/features/users/service/user.go:124.2,125.20 2 0
alta-airbnb-be/features/users/service/user.go:125.20,127.3 1 0
alta-airbnb-be/features/users/service/user.go:129.2,132.30 3 0
alta-airbnb-be/features/users/service/user.go:132.30,134.3 1 0
alta-airbnb-be/features/users/service/user.go:135.2,135.12 1 0
alta-airbnb-be/features/users/service/user.go:139.59,142.22 2 1
alta-airbnb-be/features/users/service/user.go:142.22,144.3 1 1
alta-airbnb-be/features/users/service/user.go:146.2,146.12 1 1
alta-airbnb-be/features/users/service/user.go:149.55,154.2 1 1
